app/build/intermediates/manifest_merge_blame_file/debug/manifest-merger-blame-debug-report.txt
1<?xml version="1.0" encoding="utf-8"?>
2<manifest xmlns:android="http://schemas.android.com/apk/res/android"
3    package="com.sommelier"
4    android:versionCode="1"
5    android:versionName="1.0" >
6
7    <uses-sdk
8        android:minSdkVersion="21"
8-->src\main\AndroidManifest.xml
9        android:targetSdkVersion="30" />
9-->src\main\AndroidManifest.xml
10
11    <uses-permission android:name="android.permission.INTERNET" />
11-->src\main\AndroidManifest.xml:6:5-67
11-->src\main\AndroidManifest.xml:6:22-64
12    <!-- Для застосування картинок фоном головного екрану -->
13    <uses-permission android:name="android.permission.SET_WALLPAPER" />
13-->src\main\AndroidManifest.xml:8:5-72
13-->src\main\AndroidManifest.xml:8:22-69
14
15    <!-- Although the *SdkVersion is captured in gradle build files, this is required for non gradle builds -->
16    <!-- <uses-sdk android:minSdkVersion="14"/> -->
17    <uses-permission android:name="android.permission.ACCESS_NETWORK_STATE" />
17-->[com.google.firebase:firebase-database:19.5.0] AndroidManifest.xml:25:5-79
17-->[com.google.firebase:firebase-database:19.5.0] AndroidManifest.xml:25:22-76
18    <uses-permission android:name="android.permission.WAKE_LOCK" />
18-->[com.google.android.gms:play-services-measurement-api:17.6.0] AndroidManifest.xml:24:5-68
18-->[com.google.android.gms:play-services-measurement-api:17.6.0] AndroidManifest.xml:24:22-65
19    <uses-permission android:name="com.google.android.finsky.permission.BIND_GET_INSTALL_REFERRER_SERVICE" />
19-->[com.google.android.gms:play-services-measurement:17.6.0] AndroidManifest.xml:26:5-110
19-->[com.google.android.gms:play-services-measurement:17.6.0] AndroidManifest.xml:26:22-107
20
21    <application
21-->src\main\AndroidManifest.xml:10:5-50:19
22        android:name="com.sommelier.app.AppController"
22-->src\main\AndroidManifest.xml:11:9-42
23        android:allowBackup="true"
23-->src\main\AndroidManifest.xml:12:9-35
24        android:appComponentFactory="androidx.core.app.CoreComponentFactory"
24-->[androidx.core:core:1.5.0] AndroidManifest.xml:24:18-86
25        android:debuggable="true"
26        android:icon="@mipmap/ic_launcher"
26-->src\main\AndroidManifest.xml:13:9-43
27        android:label="@string/app_name"
27-->src\main\AndroidManifest.xml:14:9-41
28        android:roundIcon="@mipmap/ic_launcher_round"
28-->src\main\AndroidManifest.xml:15:9-54
29        android:supportsRtl="true"
29-->src\main\AndroidManifest.xml:16:9-35
30        android:testOnly="true"
31        android:theme="@style/AppTheme" >
31-->src\main\AndroidManifest.xml:17:9-40
32        <activity android:name="com.sommelier.activity.SplashScreenActivity" >
32-->src\main\AndroidManifest.xml:20:9-25:20
32-->src\main\AndroidManifest.xml:20:19-64
33            <intent-filter>
33-->src\main\AndroidManifest.xml:21:13-24:29
34                <action android:name="android.intent.action.MAIN" />
34-->src\main\AndroidManifest.xml:22:17-69
34-->src\main\AndroidManifest.xml:22:25-66
35
36                <category android:name="android.intent.category.LAUNCHER" />
36-->src\main\AndroidManifest.xml:23:17-77
36-->src\main\AndroidManifest.xml:23:27-74
37            </intent-filter>
38        </activity>
39        <activity android:name="com.sommelier.activity.MainActivity" >
39-->src\main\AndroidManifest.xml:27:9-29:20
39-->src\main\AndroidManifest.xml:27:19-56
40        </activity>
41        <activity
41-->src\main\AndroidManifest.xml:31:9-34:20
42            android:name="com.sommelier.activity.DetailsActivity"
42-->src\main\AndroidManifest.xml:32:13-53
43            android:theme="@style/DetailTheme" >
43-->src\main\AndroidManifest.xml:33:13-47
44        </activity>
45        <activity
45-->src\main\AndroidManifest.xml:36:9-38:49
46            android:name="com.sommelier.activity.GalleryDetailPagerActivity"
46-->src\main\AndroidManifest.xml:36:19-70
47            android:configChanges="uiMode|orientation|screenSize"
47-->src\main\AndroidManifest.xml:37:13-66
48            android:theme="@style/DetailTheme" />
48-->src\main\AndroidManifest.xml:38:13-47
49        <activity
49-->src\main\AndroidManifest.xml:40:9-43:51
50            android:name="com.google.android.gms.oss.licenses.OssLicensesMenuActivity"
50-->src\main\AndroidManifest.xml:41:13-87
51            android:label="@string/oss_license_title"
51-->[com.google.android.gms:play-services-oss-licenses:17.0.0] AndroidManifest.xml:25:13-54
52            android:screenOrientation="portrait"
52-->src\main\AndroidManifest.xml:42:13-49
53            android:theme="@style/LicensesTheme" />
53-->src\main\AndroidManifest.xml:43:13-49
54        <activity
54-->src\main\AndroidManifest.xml:45:9-48:51
55            android:name="com.google.android.gms.oss.licenses.OssLicensesActivity"
55-->src\main\AndroidManifest.xml:46:13-83
56            android:screenOrientation="portrait"
56-->src\main\AndroidManifest.xml:47:13-49
57            android:theme="@style/LicensesTheme" />
57-->src\main\AndroidManifest.xml:48:13-49
58
59        <service
59-->[com.google.firebase:firebase-database:19.5.0] AndroidManifest.xml:29:9-35:19
60            android:name="com.google.firebase.components.ComponentDiscoveryService"
60-->[com.google.firebase:firebase-database:19.5.0] AndroidManifest.xml:30:13-84
61            android:directBootAware="true"
61-->[com.google.firebase:firebase-common:19.3.1] AndroidManifest.xml:35:13-43
62            android:exported="false" >
62-->[com.google.firebase:firebase-database:19.5.0] AndroidManifest.xml:31:13-37
63            <meta-data
63-->[com.google.firebase:firebase-database:19.5.0] AndroidManifest.xml:32:13-34:85
64                android:name="com.google.firebase.components:com.google.firebase.database.DatabaseRegistrar"
64-->[com.google.firebase:firebase-database:19.5.0] AndroidManifest.xml:33:17-109
65                android:value="com.google.firebase.components.ComponentRegistrar" />
65-->[com.google.firebase:firebase-database:19.5.0] AndroidManifest.xml:34:17-82
66            <meta-data
66-->[com.google.firebase:firebase-config:19.2.0] AndroidManifest.xml:32:13-34:85
67                android:name="com.google.firebase.components:com.google.firebase.remoteconfig.RemoteConfigRegistrar"
67-->[com.google.firebase:firebase-config:19.2.0] AndroidManifest.xml:33:17-117
68                android:value="com.google.firebase.components.ComponentRegistrar" />
68-->[com.google.firebase:firebase-config:19.2.0] AndroidManifest.xml:34:17-82
69            <meta-data
69-->[com.google.android.gms:play-services-measurement-api:17.6.0] AndroidManifest.xml:30:13-32:85
70                android:name="com.google.firebase.components:com.google.firebase.analytics.connector.internal.AnalyticsConnectorRegistrar"
70-->[com.google.android.gms:play-services-measurement-api:17.6.0] AndroidManifest.xml:31:17-139
71                android:value="com.google.firebase.components.ComponentRegistrar" />
71-->[com.google.android.gms:play-services-measurement-api:17.6.0] AndroidManifest.xml:32:17-82
72            <meta-data
72-->[com.google.firebase:firebase-installations:16.3.2] AndroidManifest.xml:17:13-19:85
73                android:name="com.google.firebase.components:com.google.firebase.installations.FirebaseInstallationsRegistrar"
73-->[com.google.firebase:firebase-installations:16.3.2] AndroidManifest.xml:18:17-127
74                android:value="com.google.firebase.components.ComponentRegistrar" />
74-->[com.google.firebase:firebase-installations:16.3.2] AndroidManifest.xml:19:17-82
75            <meta-data
75-->[com.google.firebase:firebase-abt:19.1.0] AndroidManifest.xml:13:13-15:85
76                android:name="com.google.firebase.components:com.google.firebase.abt.component.AbtRegistrar"
76-->[com.google.firebase:firebase-abt:19.1.0] AndroidManifest.xml:14:17-109
77                android:value="com.google.firebase.components.ComponentRegistrar" />
77-->[com.google.firebase:firebase-abt:19.1.0] AndroidManifest.xml:15:17-82
78        </service>
79
80        <activity
80-->[com.google.android.gms:play-services-base:17.0.0] AndroidManifest.xml:23:9-26:75
81            android:name="com.google.android.gms.common.api.GoogleApiActivity"
81-->[com.google.android.gms:play-services-base:17.0.0] AndroidManifest.xml:24:13-79
82            android:exported="false"
82-->[com.google.android.gms:play-services-base:17.0.0] AndroidManifest.xml:25:13-37
83            android:theme="@android:style/Theme.Translucent.NoTitleBar" />
83-->[com.google.android.gms:play-services-base:17.0.0] AndroidManifest.xml:26:13-72
84
85        <provider
85-->[com.google.firebase:firebase-common:19.3.1] AndroidManifest.xml:26:9-31:39
86            android:name="com.google.firebase.provider.FirebaseInitProvider"
86-->[com.google.firebase:firebase-common:19.3.1] AndroidManifest.xml:27:13-77
87            android:authorities="com.sommelier.firebaseinitprovider"
87-->[com.google.firebase:firebase-common:19.3.1] AndroidManifest.xml:28:13-72
88            android:directBootAware="true"
88-->[com.google.firebase:firebase-common:19.3.1] AndroidManifest.xml:29:13-43
89            android:exported="false"
89-->[com.google.firebase:firebase-common:19.3.1] AndroidManifest.xml:30:13-37
90            android:initOrder="100" />
90-->[com.google.firebase:firebase-common:19.3.1] AndroidManifest.xml:31:13-36
91
92        <receiver
92-->[com.google.android.gms:play-services-measurement:17.6.0] AndroidManifest.xml:29:9-33:20
93            android:name="com.google.android.gms.measurement.AppMeasurementReceiver"
93-->[com.google.android.gms:play-services-measurement:17.6.0] AndroidManifest.xml:30:13-85
94            android:enabled="true"
94-->[com.google.android.gms:play-services-measurement:17.6.0] AndroidManifest.xml:31:13-35
95            android:exported="false" >
95-->[com.google.android.gms:play-services-measurement:17.6.0] AndroidManifest.xml:32:13-37
96        </receiver>
97
98        <service
98-->[com.google.android.gms:play-services-measurement:17.6.0] AndroidManifest.xml:35:9-38:40
99            android:name="com.google.android.gms.measurement.AppMeasurementService"
99-->[com.google.android.gms:play-services-measurement:17.6.0] AndroidManifest.xml:36:13-84
100            android:enabled="true"
100-->[com.google.android.gms:play-services-measurement:17.6.0] AndroidManifest.xml:37:13-35
101            android:exported="false" />
101-->[com.google.android.gms:play-services-measurement:17.6.0] AndroidManifest.xml:38:13-37
102        <service
102-->[com.google.android.gms:play-services-measurement:17.6.0] AndroidManifest.xml:39:9-43:72
103            android:name="com.google.android.gms.measurement.AppMeasurementJobService"
103-->[com.google.android.gms:play-services-measurement:17.6.0] AndroidManifest.xml:40:13-87
104            android:enabled="true"
104-->[com.google.android.gms:play-services-measurement:17.6.0] AndroidManifest.xml:41:13-35
105            android:exported="false"
105-->[com.google.android.gms:play-services-measurement:17.6.0] AndroidManifest.xml:42:13-37
106            android:permission="android.permission.BIND_JOB_SERVICE" />
106-->[com.google.android.gms:play-services-measurement:17.6.0] AndroidManifest.xml:43:13-69
107
108        <meta-data
108-->[com.google.android.gms:play-services-basement:17.2.1] AndroidManifest.xml:23:9-25:69
109            android:name="com.google.android.gms.version"
109-->[com.google.android.gms:play-services-basement:17.2.1] AndroidManifest.xml:24:13-58
110            android:value="@integer/google_play_services_version" />
110-->[com.google.android.gms:play-services-basement:17.2.1] AndroidManifest.xml:25:13-66
111    </application>
112
113</manifest>